2026-04-16 21:16:34,760 : INFO : root : Loading config.
2026-04-16 21:16:34,925 : INFO : ConfigProcessor : Config spec file cache created: C:\Users\victo\AppData\Local\Temp\config_spec.mpf_cache
2026-04-16 21:16:34,925 : INFO : YamlMultifileConfigLoader : Machine config file #1: config.yaml
2026-04-16 21:16:34,925 : INFO : ConfigProcessor : Loading config from file C:\Users\victo\mpf\Lib\site-packages\mpf\mpfconfig.yaml.
2026-04-16 21:16:34,961 : INFO : ConfigProcessor : Loading config: C:\Users\victo\mpf\Lib\site-packages\mpf\mpfconfig.yaml
2026-04-16 21:16:34,961 : INFO : ConfigProcessor : Loading config from file C:\Users\victo\Documents\GitHub\mpf_teste\config\config.yaml.
2026-04-16 21:16:34,962 : INFO : ConfigProcessor : Loading config: C:\Users\victo\Documents\GitHub\mpf_teste\config\config.yaml
2026-04-16 21:16:34,963 : INFO : ConfigProcessor : Config file cache created: C:\Users\victo\AppData\Local\Temp\24b3973fd9a171d2c8b39fcf27da16a2.mpf_cache
2026-04-16 21:16:35,456 : INFO : ConfigProcessor : Loading config from file C:\Users\victo\mpf\Lib\site-packages\mpf\modes\attract\config\attract.yaml.
2026-04-16 21:16:35,457 : INFO : ConfigProcessor : Loading config: C:\Users\victo\mpf\Lib\site-packages\mpf\modes\attract\config\attract.yaml
2026-04-16 21:16:35,457 : INFO : ConfigProcessor : Loading config from file C:\Users\victo\Documents\GitHub\mpf_teste\modes\attract\config\attract.yaml.
2026-04-16 21:16:35,458 : INFO : ConfigProcessor : Loading config: C:\Users\victo\Documents\GitHub\mpf_teste\modes\attract\config\attract.yaml
2026-04-16 21:16:35,459 : INFO : ConfigProcessor : Config file cache created: C:\Users\victo\AppData\Local\Temp\1eb85259b2441a32499864456acc7dfc.mpf_cache
2026-04-16 21:16:35,459 : INFO : ConfigProcessor : Loading config from file C:\Users\victo\mpf\Lib\site-packages\mpf\modes\game\config\game.yaml.
2026-04-16 21:16:35,460 : INFO : ConfigProcessor : Loading config: C:\Users\victo\mpf\Lib\site-packages\mpf\modes\game\config\game.yaml
2026-04-16 21:16:35,461 : INFO : ConfigProcessor : Config file cache created: C:\Users\victo\AppData\Local\Temp\7d17bcc4cf07cdb1868e5e575c2b169c.mpf_cache
2026-04-16 21:16:35,462 : INFO : ConfigProcessor : Loading config from cache: C:\Users\victo\AppData\Local\Temp\1eb85259b2441a32499864456acc7dfc.mpf_cache
2026-04-16 21:16:35,462 : INFO : ConfigProcessor : Loading config from file C:\Users\victo\Documents\GitHub\mpf_teste\modes\base\config\base.yaml.
2026-04-16 21:16:35,463 : INFO : ConfigProcessor : Loading config: C:\Users\victo\Documents\GitHub\mpf_teste\modes\base\config\base.yaml
2026-04-16 21:16:35,464 : INFO : ConfigProcessor : Config file cache created: C:\Users\victo\AppData\Local\Temp\743ff682fbc980957981d84121ae66e4.mpf_cache
2026-04-16 21:16:35,464 : INFO : Machine : Mission Pinball Framework Core Engine v0.80.0.dev14
2026-04-16 21:16:35,464 : INFO : Machine : Command line arguments: {'no_load_cache': False, 'create_config_cache': True, 'bcp': False, 'configfile': ['config.yaml'], 'force_assets_load': False, 'platform_integration_test': False, 'jsonlogging': False, 'logfile': 'logs\\2026-04-16-21-16-34-mpf-Ranzani.log', 'pause': False, 'production': False, 'text_ui': False, 'loglevel': 15, 'consoleloglevel': 20, 'force_platform': 'virtual', 'syslog_address': None, 'full_logfile_path': 'C:\\Users\\victo\\Documents\\GitHub\\mpf_teste\\logs\\2026-04-16-21-16-34-mpf-Ranzani.log'}
2026-04-16 21:16:35,464 : INFO : Machine : MPF path: C:\Users\victo\mpf\Lib\site-packages\mpf
2026-04-16 21:16:35,464 : INFO : Machine : Machine path: C:\Users\victo\Documents\GitHub\mpf_teste
2026-04-16 21:16:35,464 : INFO : Machine : Platform: win32
2026-04-16 21:16:35,464 : INFO : Machine : Python executable location: C:\Users\victo\mpf\Scripts\python.exe
2026-04-16 21:16:35,464 : INFO : Machine : Python version: 3.14.0 (64-bit)
2026-04-16 21:16:35,470 : INFO : Machine : Initializing MPF...
2026-04-16 21:16:35,879 : INFO : EventManager : Event: ======'machine_var_credits_string'====== Args={'value': 'FREE PLAY', 'prev_value': None, 'change': True}
2026-04-16 21:16:35,976 : INFO : EventManager : Event: ======'machine_var_master_volume'====== Args={'value': 0.5, 'prev_value': None, 'change': True}
2026-04-16 21:16:35,976 : INFO : EventManager : Event: ======'machine_var_mpf_version'====== Args={'value': 'Mission Pinball Framework v0.80.0.dev14', 'prev_value': None, 'change': True}
2026-04-16 21:16:35,976 : INFO : EventManager : Event: ======'machine_var_mpf_extended_version'====== Args={'value': 'Mission Pinball Framework v0.80.0.dev14, Config version:6, Show version: 6, BCP version:1.1', 'prev_value': None, 'change': True}
2026-04-16 21:16:35,976 : INFO : EventManager : Event: ======'machine_var_python_version'====== Args={'value': '3.14.0', 'prev_value': None, 'change': True}
2026-04-16 21:16:36,070 : INFO : EventManager : Event: ======'machine_var_platform'====== Args={'value': 'Windows-11-10.0.26100-SP0', 'prev_value': None, 'change': True}
2026-04-16 21:16:36,070 : INFO : EventManager : Event: ======'machine_var_platform_system'====== Args={'value': 'Windows', 'prev_value': None, 'change': True}
2026-04-16 21:16:36,070 : INFO : EventManager : Event: ======'machine_var_platform_release'====== Args={'value': '11', 'prev_value': None, 'change': True}
2026-04-16 21:16:36,070 : INFO : EventManager : Event: ======'machine_var_platform_version'====== Args={'value': '10.0.26100', 'prev_value': None, 'change': True}
2026-04-16 21:16:36,070 : INFO : EventManager : Event: ======'machine_var_platform_machine'====== Args={'value': 'AMD64', 'prev_value': None, 'change': True}
2026-04-16 21:16:36,070 : INFO : EventManager : Event: ======'machine_var_log_file_path'====== Args={'value': 'C:\\Users\\victo\\Documents\\GitHub\\mpf_teste\\logs\\2026-04-16-21-16-34-mpf-Ranzani.log', 'prev_value': None, 'change': True}
2026-04-16 21:16:36,070 : INFO : EventManager : Event: ======'init_phase_1'====== Args={}
2026-04-16 21:16:36,115 : INFO : EventManager : Event: ======'init_phase_2'====== Args={}
2026-04-16 21:16:36,144 : INFO : EventManager : Event: ======'init_phase_3'====== Args={}
2026-04-16 21:16:36,145 : INFO : EventManager : Event: ======'init_phase_4'====== Args={}
2026-04-16 21:16:36,146 : INFO : EventManager : Event: ======'machine_var_audits_events_game_started'====== Args={'value': 0, 'prev_value': None, 'change': True}
2026-04-16 21:16:36,146 : INFO : EventManager : Event: ======'machine_var_audits_events_game_ended'====== Args={'value': 0, 'prev_value': None, 'change': True}
2026-04-16 21:16:36,146 : INFO : EventManager : Event: ======'machine_var_audits_player_score'====== Args={'value': {'top': [], 'average': 0, 'total': 0}, 'prev_value': None, 'change': True}
2026-04-16 21:16:36,146 : INFO : EventManager : Event: ======'init_phase_5'====== Args={}
2026-04-16 21:16:36,146 : INFO : EventManager : Event: ======'init_done'====== Args={}
2026-04-16 21:16:36,146 : INFO : EventManager : Event: ======'machine_reset_phase_1'====== Args={}
2026-04-16 21:16:36,146 : INFO : EventManager : Event: ======'machine_reset_phase_2'====== Args={}
2026-04-16 21:16:36,146 : INFO : EventManager : Event: ======'machine_reset_phase_3'====== Args={}
2026-04-16 21:16:36,147 : INFO : EventManager : Event: ======'reset_complete'====== Args={}
2026-04-16 21:16:36,147 : INFO : EventManager : Event: ======'mode_attract_will_start'====== Args={}
2026-04-16 21:16:36,147 : INFO : EventManager : Event: ======'mode_attract_starting'====== Args={}
2026-04-16 21:16:36,147 : INFO : Mode.attract : Started. Priority: 10
2026-04-16 21:16:36,147 : INFO : EventManager : Event: ======'modes_active_modes_changed'====== Args={}
2026-04-16 21:16:36,147 : INFO : EventManager : Event: ======'mode_attract_started'====== Args={}
2026-04-16 21:16:36,147 : INFO : EventManager : Event: ======'collecting_balls_complete'====== Args={}
2026-04-16 21:16:36,147 : INFO : Machine : Starting the main run loop with active modes: [<Mode.attract>]
2026-04-16 21:16:51,272 : INFO : Machine : Shutting down...
2026-04-16 21:16:51,272 : INFO : EventManager : Event: ======'shutdown'====== Args={}
2026-04-16 21:16:51,273 : INFO : root : MPF run loop ended.
